Flow report for vgaram
Wed Dec 23 15:58:16 2015
Quartus II 64-Bit Version 15.0.0 Build 145 04/22/2015 SJ Web Edition


---------------------
; Table of Contents ;
---------------------
  1. Legal Notice
  2. Flow Summary
  3. Flow Settings
  4. Flow Non-Default Global Settings
  5. Flow Elapsed Time
  6. Flow OS Summary
  7. Flow Log
  8. Flow Messages
  9. Flow Suppressed Messages



----------------
; Legal Notice ;
----------------
Copyright (C) 1991-2015 Altera Corporation. All rights reserved.
Your use of Altera Corporation's design tools, logic functions 
and other software and tools, and its AMPP partner logic 
functions, and any output files from any of the foregoing 
(including device programming or simulation files), and any 
associated documentation or information are expressly subject 
to the terms and conditions of the Altera Program License 
Subscription Agreement, the Altera Quartus II License Agreement,
the Altera MegaCore Function License Agreement, or other 
applicable license agreement, including, without limitation, 
that your use is for the sole purpose of programming logic 
devices manufactured by Altera and sold by Altera or its 
authorized distributors.  Please refer to the applicable 
agreement for further details.



+------------------------------------------------------------------------------+
; Flow Summary                                                                 ;
+---------------------------------+--------------------------------------------+
; Flow Status                     ; Successful - Wed Dec 23 15:58:16 2015      ;
; Quartus II 64-Bit Version       ; 15.0.0 Build 145 04/22/2015 SJ Web Edition ;
; Revision Name                   ; vgaram                                     ;
; Top-level Entity Name           ; vgaram                                     ;
; Family                          ; Cyclone V                                  ;
; Device                          ; 5CSEMA4U23C6                               ;
; Timing Models                   ; Final                                      ;
; Logic utilization (in ALMs)     ; 25 / 15,880 ( < 1 % )                      ;
; Total registers                 ; 33                                         ;
; Total pins                      ; 11 / 314 ( 4 % )                           ;
; Total virtual pins              ; 0                                          ;
; Total block memory bits         ; 0 / 2,764,800 ( 0 % )                      ;
; Total DSP Blocks                ; 0 / 84 ( 0 % )                             ;
; Total HSSI RX PCSs              ; 0                                          ;
; Total HSSI PMA RX Deserializers ; 0                                          ;
; Total HSSI TX PCSs              ; 0                                          ;
; Total HSSI PMA TX Serializers   ; 0                                          ;
; Total PLLs                      ; 0 / 5 ( 0 % )                              ;
; Total DLLs                      ; 0 / 4 ( 0 % )                              ;
+---------------------------------+--------------------------------------------+


+-----------------------------------------+
; Flow Settings                           ;
+-------------------+---------------------+
; Option            ; Setting             ;
+-------------------+---------------------+
; Start date & time ; 12/23/2015 15:55:25 ;
; Main task         ; Compilation         ;
; Revision Name     ; vgaram              ;
+-------------------+---------------------+


+---------------------------------------------------------------------------------------------------------------------+
; Flow Non-Default Global Settings                                                                                    ;
+-------------------------------------+--------------------------------+---------------+-------------+----------------+
; Assignment Name                     ; Value                          ; Default Value ; Entity Name ; Section Id     ;
+-------------------------------------+--------------------------------+---------------+-------------+----------------+
; COMPILER_SIGNATURE_ID               ; 28988348780558.145088252400944 ; --            ; --          ; --             ;
; EDA_OUTPUT_DATA_FORMAT              ; Verilog Hdl                    ; --            ; --          ; eda_simulation ;
; EDA_SIMULATION_TOOL                 ; ModelSim-Altera (Verilog)      ; <None>        ; --          ; --             ;
; MAX_CORE_JUNCTION_TEMP              ; 85                             ; --            ; --          ; --             ;
; MIN_CORE_JUNCTION_TEMP              ; 0                              ; --            ; --          ; --             ;
; PARTITION_COLOR                     ; 16764057                       ; --            ; --          ; Top            ;
; PARTITION_FITTER_PRESERVATION_LEVEL ; PLACEMENT_AND_ROUTING          ; --            ; --          ; Top            ;
; PARTITION_NETLIST_TYPE              ; SOURCE                         ; --            ; --          ; Top            ;
; PROJECT_OUTPUT_DIRECTORY            ; output_files                   ; --            ; --          ; --             ;
+-------------------------------------+--------------------------------+---------------+-------------+----------------+


+-------------------------------------------------------------------------------------------------------------------------------+
; Flow Elapsed Time                                                                                                             ;
+---------------------------+--------------+-------------------------+---------------------+------------------------------------+
; Module Name               ; Elapsed Time ; Average Processors Used ; Peak Virtual Memory ; Total CPU Time (on all processors) ;
+---------------------------+--------------+-------------------------+---------------------+------------------------------------+
; Analysis & Synthesis      ; 00:00:40     ; 1.0                     ; 718 MB              ; 00:00:46                           ;
; Fitter                    ; 00:01:12     ; 1.2                     ; 1735 MB             ; 00:01:07                           ;
; Assembler                 ; 00:00:17     ; 1.0                     ; 745 MB              ; 00:00:13                           ;
; TimeQuest Timing Analyzer ; 00:00:17     ; 1.1                     ; 981 MB              ; 00:00:12                           ;
; EDA Netlist Writer        ; 00:00:04     ; 1.0                     ; 656 MB              ; 00:00:03                           ;
; Total                     ; 00:02:30     ; --                      ; --                  ; 00:02:21                           ;
+---------------------------+--------------+-------------------------+---------------------+------------------------------------+


+----------------------------------------------------------------------------------------+
; Flow OS Summary                                                                        ;
+---------------------------+------------------+-----------+------------+----------------+
; Module Name               ; Machine Hostname ; OS Name   ; OS Version ; Processor type ;
+---------------------------+------------------+-----------+------------+----------------+
; Analysis & Synthesis      ; Atmega           ; Windows 7 ; 6.2        ; x86_64         ;
; Fitter                    ; Atmega           ; Windows 7 ; 6.2        ; x86_64         ;
; Assembler                 ; Atmega           ; Windows 7 ; 6.2        ; x86_64         ;
; TimeQuest Timing Analyzer ; Atmega           ; Windows 7 ; 6.2        ; x86_64         ;
; EDA Netlist Writer        ; Atmega           ; Windows 7 ; 6.2        ; x86_64         ;
+---------------------------+------------------+-----------+------------+----------------+


------------
; Flow Log ;
------------
quartus_map --read_settings_files=on --write_settings_files=off vgaram -c vgaram
quartus_fit --read_settings_files=off --write_settings_files=off vgaram -c vgaram
quartus_asm --read_settings_files=off --write_settings_files=off vgaram -c vgaram
quartus_sta vgaram -c vgaram
quartus_eda --read_settings_files=off --write_settings_files=off vgaram -c vgaram



